

/******************************************************************************************
* WriteStepFile diagnostics.
* Date:                           Thu May 09 23:48:21 2019 
* Produced by:                    The EXPRESS Data Manager Version 5.02.0100.07 : 28 Aug 2013
* Module:                         EDMstepFileFactory/EDMstandAlone
* Host:                           LAPTOP-87D5T6CH
* Database:                       C:\Users\ELISA\AppData\Local\Temp\{DC17CB91-C1F8-46F6-B11A-4B38AB6FD528}\ifc
* Database version:               5507
* Database creation date:         Thu May 09 23:48:00 2019
* Model:                          DataRepository.ifc
* Model creation date:            Thu May 09 23:48:00 2019
* Header model:                   DataRepository.ifc_HeaderModel
* Header model creation date:     Thu May 09 23:48:00 2019
* Step file:                      914129.ifc
* EDMuser:                        sdai-user
* EDMgroup:                       sdai-group
* License ID and type:            5605 : Permanent license. Expiry date: 
* EDMstepFileFactory options:     020000
******************************************************************************************/


------------------------------------------------------------------------------------------------
Operation terminated successfully.
------------------------------------------------------------------------------------------------

